\BOOKMARK [0][-]{chapter.1}{\376\377\000I\000n\000t\000r\000o\000d\000u\000c\000t\000i\000o\000n}{}% 1
\BOOKMARK [1][-]{section.1.1}{\376\377\000B\000a\000c\000k\000g\000r\000o\000u\000n\000d}{chapter.1}% 2
\BOOKMARK [1][-]{section.1.2}{\376\377\000O\000b\000j\000e\000c\000t\000i\000v\000e\000s}{chapter.1}% 3
\BOOKMARK [1][-]{section.1.3}{\376\377\000S\000c\000o\000p\000e\000\040\000a\000n\000d\000\040\000L\000i\000m\000i\000t\000a\000t\000i\000o\000n\000s}{chapter.1}% 4
\BOOKMARK [1][-]{section.1.4}{\376\377\000O\000r\000g\000a\000n\000i\000z\000a\000t\000i\000o\000n\000\040\000o\000f\000\040\000t\000h\000e\000\040\000T\000h\000e\000s\000i\000s}{chapter.1}% 5
\BOOKMARK [1][-]{section.1.5}{\376\377\000S\000u\000m\000m\000a\000r\000y}{chapter.1}% 6
\BOOKMARK [0][-]{chapter.2}{\376\377\000G\000e\000t\000t\000i\000n\000g\000\040\000S\000t\000a\000r\000t\000e\000d\000\040\000w\000i\000t\000h\000\040\000L\000a\000T\000e\000X}{}% 7
\BOOKMARK [1][-]{section.2.1}{\376\377\000I\000n\000s\000t\000a\000l\000l\000a\000t\000i\000o\000n}{chapter.2}% 8
\BOOKMARK [2][-]{subsection.2.1.1}{\376\377\000W\000i\000n\000d\000o\000w\000s}{section.2.1}% 9
\BOOKMARK [2][-]{subsection.2.1.2}{\376\377\000M\000a\000c}{section.2.1}% 10
\BOOKMARK [2][-]{subsection.2.1.3}{\376\377\000L\000i\000n\000u\000x}{section.2.1}% 11
\BOOKMARK [1][-]{section.2.2}{\376\377\000B\000a\000s\000i\000c\000\040\000D\000o\000c\000u\000m\000e\000n\000t\000\040\000S\000t\000r\000u\000c\000t\000u\000r\000e}{chapter.2}% 12
\BOOKMARK [1][-]{section.2.3}{\376\377\000O\000t\000h\000e\000r\000\040\000S\000o\000f\000t\000w\000a\000r\000e\000\040\000C\000o\000n\000s\000i\000d\000e\000r\000a\000t\000i\000o\000n\000s}{chapter.2}% 13
\BOOKMARK [0][-]{chapter.3}{\376\377\000D\000o\000c\000u\000m\000e\000n\000t\000\040\000S\000t\000r\000u\000c\000t\000u\000r\000e\000\040\000a\000n\000d\000\040\000F\000o\000r\000m\000a\000t\000t\000i\000n\000g}{}% 14
\BOOKMARK [1][-]{section.3.1}{\376\377\000T\000i\000t\000l\000e\000\040\000P\000a\000g\000e\000,\000\040\000A\000b\000s\000t\000r\000a\000c\000t\000,\000\040\000a\000n\000d\000\040\000O\000t\000h\000e\000r\000\040\000P\000r\000e\000f\000a\000t\000o\000r\000y\000\040\000P\000a\000g\000e\000s}{chapter.3}% 15
\BOOKMARK [2][-]{subsection.3.1.1}{\376\377\000T\000i\000t\000l\000e\000\040\000P\000a\000g\000e}{section.3.1}% 16
\BOOKMARK [2][-]{subsection.3.1.2}{\376\377\000A\000b\000s\000t\000r\000a\000c\000t}{section.3.1}% 17
\BOOKMARK [2][-]{subsection.3.1.3}{\376\377\000P\000r\000e\000f\000a\000c\000e}{section.3.1}% 18
\BOOKMARK [3][-]{subsubsection.3.1.3.1}{\376\377\000R\000e\000s\000e\000a\000r\000c\000h\000\040\000E\000t\000h\000i\000c\000s\000\040\000A\000p\000p\000r\000o\000v\000a\000l}{subsection.3.1.3}% 19
\BOOKMARK [3][-]{subsubsection.3.1.3.2}{\376\377\000C\000o\000l\000l\000a\000b\000o\000r\000a\000t\000i\000v\000e\000\040\000W\000o\000r\000k}{subsection.3.1.3}% 20
\BOOKMARK [3][-]{subsubsection.3.1.3.3}{\376\377\000P\000r\000e\000v\000i\000o\000u\000s\000l\000y\000\040\000P\000u\000b\000l\000i\000s\000h\000e\000d\000\040\000M\000a\000t\000e\000r\000i\000a\000l}{subsection.3.1.3}% 21
\BOOKMARK [3][-]{subsubsection.3.1.3.4}{\376\377\000U\000s\000e\000\040\000o\000f\000\040\000A\000r\000t\000i\000f\000i\000c\000i\000a\000l\000\040\000I\000n\000t\000e\000l\000l\000i\000g\000e\000n\000c\000e\000\040\000\050\000A\000I\000\051}{subsection.3.1.3}% 22
\BOOKMARK [3][-]{subsubsection.3.1.3.5}{\376\377\000R\000e\000c\000e\000i\000v\000i\000n\000g\000\040\000o\000f\000\040\000C\000o\000m\000p\000e\000t\000i\000t\000i\000v\000e\000\040\000F\000u\000n\000d\000i\000n\000g}{subsection.3.1.3}% 23
\BOOKMARK [3][-]{subsubsection.3.1.3.6}{\376\377\000P\000r\000e\000v\000i\000o\000u\000s\000\040\000P\000r\000e\000f\000a\000c\000e\000s\000\040\000D\000i\000d\000\040\000N\000o\000t\000\040\000A\000p\000p\000l\000y}{subsection.3.1.3}% 24
\BOOKMARK [2][-]{subsection.3.1.4}{\376\377\000D\000e\000d\000i\000c\000a\000t\000i\000o\000n\000\040\000o\000r\000\040\000Q\000u\000o\000t\000a\000t\000i\000o\000n\000s}{section.3.1}% 25
\BOOKMARK [2][-]{subsection.3.1.5}{\376\377\000A\000c\000k\000n\000o\000w\000l\000e\000d\000g\000e\000m\000e\000n\000t\000s}{section.3.1}% 26
\BOOKMARK [2][-]{subsection.3.1.6}{\376\377\000T\000a\000b\000l\000e\000\040\000o\000f\000\040\000C\000o\000n\000t\000e\000n\000t\000s}{section.3.1}% 27
\BOOKMARK [2][-]{subsection.3.1.7}{\376\377\000L\000i\000s\000t\000s\000\040\000o\000f\000\040\000F\000i\000g\000u\000r\000e\000s\000,\000\040\000T\000a\000b\000l\000e\000s\000,\000\040\000.\000.\000.}{section.3.1}% 28
\BOOKMARK [1][-]{section.3.2}{\376\377\000N\000o\000m\000e\000n\000c\000l\000a\000t\000u\000r\000e\000,\000\040\000G\000l\000o\000s\000s\000a\000r\000y\000,\000\040\000\046\000\040\000A\000c\000r\000o\000n\000y\000m\000s}{chapter.3}% 29
\BOOKMARK [2][-]{subsection.3.2.1}{\376\377\000L\000i\000s\000t\000s\000\040\000o\000f\000\040\000S\000y\000m\000b\000o\000l\000s\000/\000A\000b\000b\000r\000e\000v\000i\000a\000t\000i\000o\000n\000s}{section.3.2}% 30
\BOOKMARK [2][-]{subsection.3.2.2}{\376\377\000G\000l\000o\000s\000s\000a\000r\000y\000\040\000o\000f\000\040\000T\000e\000r\000m\000s}{section.3.2}% 31
\BOOKMARK [1][-]{section.3.3}{\376\377\000C\000h\000a\000p\000t\000e\000r\000s\000,\000\040\000S\000e\000c\000t\000i\000o\000n\000s\000,\000\040\000S\000u\000b\000s\000e\000c\000t\000i\000o\000n\000s\000,\000\040\000e\000t\000c\000.}{chapter.3}% 32
\BOOKMARK [1][-]{section.3.4}{\376\377\000P\000a\000g\000e\000\040\000L\000a\000y\000o\000u\000t\000\040\000a\000n\000d\000\040\000M\000a\000r\000g\000i\000n\000s}{chapter.3}% 33
\BOOKMARK [1][-]{section*.13}{\376\377\000R\000e\000f\000e\000r\000e\000n\000c\000e\000s}{chapter.3}% 34
\BOOKMARK [0][-]{chapter.4}{\376\377\000F\000i\000g\000u\000r\000e\000s\000,\000\040\000T\000a\000b\000l\000e\000s\000,\000\040\000\046\000\040\000P\000l\000a\000t\000e\000s}{}% 35
\BOOKMARK [1][-]{section.4.1}{\376\377\000I\000n\000t\000r\000o\000d\000u\000c\000t\000i\000o\000n}{chapter.4}% 36
\BOOKMARK [1][-]{section.4.2}{\376\377\000I\000n\000s\000e\000r\000t\000i\000n\000g\000\040\000F\000i\000g\000u\000r\000e\000s}{chapter.4}% 37
\BOOKMARK [1][-]{section.4.3}{\376\377\000T\000a\000b\000l\000e\000s\000\040\000a\000n\000d\000\040\000T\000a\000b\000u\000l\000a\000r\000x}{chapter.4}% 38
\BOOKMARK [1][-]{section.4.4}{\376\377\000A\000d\000v\000a\000n\000c\000e\000d\000\040\000T\000a\000b\000l\000e\000\040\000F\000e\000a\000t\000u\000r\000e\000s}{chapter.4}% 39
\BOOKMARK [1][-]{section.4.5}{\376\377\000A\000d\000d\000i\000t\000i\000o\000n\000a\000l\000\040\000P\000a\000c\000k\000a\000g\000e\000s\000\040\000f\000o\000r\000\040\000E\000n\000h\000a\000n\000c\000e\000d\000\040\000T\000a\000b\000l\000e\000\040\000F\000u\000n\000c\000t\000i\000o\000n\000a\000l\000i\000t\000y}{chapter.4}% 40
\BOOKMARK [1][-]{section.4.6}{\376\377\000C\000o\000n\000c\000l\000u\000s\000i\000o\000n}{chapter.4}% 41
\BOOKMARK [0][-]{chapter.5}{\376\377\000P\000l\000o\000t\000s\000,\000\040\000C\000h\000a\000r\000t\000s\000,\000\040\000\046\000\040\000G\000r\000a\000p\000h\000s}{}% 42
\BOOKMARK [1][-]{section.5.1}{\376\377\000I\000n\000t\000r\000o\000d\000u\000c\000t\000i\000o\000n}{chapter.5}% 43
\BOOKMARK [1][-]{section.5.2}{\376\377\000L\000i\000n\000e\000\040\000P\000l\000o\000t\000s}{chapter.5}% 44
\BOOKMARK [1][-]{section.5.3}{\376\377\000C\000u\000s\000t\000o\000m\000i\000z\000i\000n\000g\000\040\000P\000l\000o\000t\000s}{chapter.5}% 45
\BOOKMARK [2][-]{subsection.5.3.1}{\376\377\000A\000d\000d\000i\000n\000g\000\040\000a\000\040\000L\000e\000g\000e\000n\000d}{section.5.3}% 46
\BOOKMARK [2][-]{subsection.5.3.2}{\376\377\000A\000d\000d\000i\000n\000g\000\040\000G\000r\000i\000d\000\040\000L\000i\000n\000e\000s}{section.5.3}% 47
\BOOKMARK [2][-]{subsection.5.3.3}{\376\377\000C\000h\000a\000n\000g\000i\000n\000g\000\040\000C\000o\000l\000o\000r\000s\000\040\000a\000n\000d\000\040\000L\000i\000n\000e\000\040\000S\000t\000y\000l\000e\000s}{section.5.3}% 48
\BOOKMARK [1][-]{section.5.4}{\376\377\000A\000d\000v\000a\000n\000c\000e\000d\000\040\000P\000l\000o\000t\000\040\000T\000y\000p\000e\000s}{chapter.5}% 49
\BOOKMARK [2][-]{subsection.5.4.1}{\376\377\000E\000q\000u\000a\000t\000i\000o\000n\000s}{section.5.4}% 50
\BOOKMARK [2][-]{subsection.5.4.2}{\376\377\000S\000c\000a\000t\000t\000e\000r\000\040\000P\000l\000o\000t\000\040\000w\000i\000t\000h\000\040\000E\000x\000t\000e\000r\000n\000a\000l\000\040\000D\000a\000t\000a}{section.5.4}% 51
\BOOKMARK [2][-]{subsection.5.4.3}{\376\377\000B\000a\000r\000\040\000P\000l\000o\000t}{section.5.4}% 52
\BOOKMARK [2][-]{subsection.5.4.4}{\376\377\000P\000i\000e\000\040\000C\000h\000a\000r\000t}{section.5.4}% 53
\BOOKMARK [2][-]{subsection.5.4.5}{\376\377\0003\000D\000\040\000P\000l\000o\000t}{section.5.4}% 54
\BOOKMARK [2][-]{subsection.5.4.6}{\376\377\000P\000o\000l\000a\000r\000\040\000P\000l\000o\000t}{section.5.4}% 55
\BOOKMARK [2][-]{subsection.5.4.7}{\376\377\000B\000o\000x\000\040\000P\000l\000o\000t}{section.5.4}% 56
\BOOKMARK [1][-]{section.5.5}{\376\377\000C\000o\000n\000c\000l\000u\000s\000i\000o\000n}{chapter.5}% 57
\BOOKMARK [0][-]{chapter.6}{\376\377\000M\000a\000t\000h\000e\000m\000a\000t\000i\000c\000a\000l\000\040\000E\000q\000u\000a\000t\000i\000o\000n\000s}{}% 58
\BOOKMARK [1][-]{section.6.1}{\376\377\000V\000e\000c\000t\000o\000r\000,\000\040\000S\000e\000t\000s\000,\000\040\000P\000i\000e\000c\000e\000-\000w\000i\000s\000e\000\040\000F\000u\000n\000c\000t\000i\000o\000n\000s\000,\000\040\000M\000a\000t\000r\000i\000x\000\040\000M\000a\000t\000h\000,\000\040\000a\000n\000d\000\040\000M\000o\000r\000e}{chapter.6}% 59
\BOOKMARK [0][-]{chapter.7}{\376\377\000C\000i\000t\000a\000t\000i\000o\000n\000s\000/\000R\000e\000f\000e\000r\000e\000n\000c\000e\000s\000,\000\040\000a\000n\000d\000\040\000C\000r\000o\000s\000s\000-\000R\000e\000f\000e\000r\000e\000n\000c\000e\000s}{}% 60
\BOOKMARK [1][-]{section.7.1}{\376\377\000C\000r\000o\000s\000s\000-\000R\000e\000f\000e\000r\000e\000n\000c\000e\000s}{chapter.7}% 61
\BOOKMARK [1][-]{section.7.2}{\376\377\000C\000i\000t\000a\000t\000i\000o\000n\000s\000/\000R\000e\000f\000e\000r\000e\000n\000c\000e\000s}{chapter.7}% 62
\BOOKMARK [1][-]{section.7.3}{\376\377\000C\000i\000t\000a\000t\000i\000o\000n\000\040\000M\000a\000n\000a\000g\000e\000r\000s}{chapter.7}% 63
\BOOKMARK [2][-]{subsection.7.3.1}{\376\377\000J\000a\000b\000R\000e\000f}{section.7.3}% 64
\BOOKMARK [1][-]{section.7.4}{\376\377\000T\000h\000i\000s\000\040\000i\000s\000\040\000o\000l\000d\000\040\000M\000a\000t\000e\000r\000i\000a\000l}{chapter.7}% 65
\BOOKMARK [2][-]{subsection.7.4.1}{\376\377\000C\000r\000o\000s\000s\000-\000R\000e\000f\000e\000r\000e\000n\000c\000e\000s}{section.7.4}% 66
\BOOKMARK [2][-]{subsection.7.4.2}{\376\377\000C\000i\000t\000a\000t\000i\000o\000n\000s}{section.7.4}% 67
\BOOKMARK [1][-]{section*.48}{\376\377\000R\000e\000f\000e\000r\000e\000n\000c\000e\000s}{chapter.7}% 68
\BOOKMARK [0][-]{chapter.8}{\376\377\000J\000a\000b\000R\000e\000f\000:\000\040\000M\000a\000n\000a\000g\000i\000n\000g\000\040\000B\000i\000b\000l\000i\000o\000g\000r\000a\000p\000h\000i\000e\000s\000\040\000E\000f\000f\000i\000c\000i\000e\000n\000t\000l\000y}{}% 69
\BOOKMARK [1][-]{section.8.1}{\376\377\000I\000n\000t\000r\000o\000d\000u\000c\000t\000i\000o\000n}{chapter.8}% 70
\BOOKMARK [1][-]{section.8.2}{\376\377\000K\000e\000y\000\040\000F\000e\000a\000t\000u\000r\000e\000s\000\040\000o\000f\000\040\000J\000a\000b\000R\000e\000f}{chapter.8}% 71
\BOOKMARK [2][-]{subsection.8.2.1}{\376\377\000B\000i\000b\000T\000e\000X\000\040\000C\000o\000m\000p\000a\000t\000i\000b\000i\000l\000i\000t\000y}{section.8.2}% 72
\BOOKMARK [2][-]{subsection.8.2.2}{\376\377\000R\000e\000f\000e\000r\000e\000n\000c\000e\000\040\000I\000m\000p\000o\000r\000t}{section.8.2}% 73
\BOOKMARK [2][-]{subsection.8.2.3}{\376\377\000C\000u\000s\000t\000o\000m\000i\000z\000a\000b\000l\000e\000\040\000E\000n\000t\000r\000y\000\040\000T\000y\000p\000e\000s}{section.8.2}% 74
\BOOKMARK [2][-]{subsection.8.2.4}{\376\377\000S\000e\000a\000r\000c\000h\000\040\000a\000n\000d\000\040\000F\000i\000l\000t\000e\000r}{section.8.2}% 75
\BOOKMARK [2][-]{subsection.8.2.5}{\376\377\000G\000r\000o\000u\000p\000i\000n\000g}{section.8.2}% 76
\BOOKMARK [2][-]{subsection.8.2.6}{\376\377\000I\000n\000t\000e\000g\000r\000a\000t\000i\000o\000n\000\040\000w\000i\000t\000h\000\040\000L\000a\000T\000e\000X}{section.8.2}% 77
\BOOKMARK [1][-]{section.8.3}{\376\377\000G\000e\000t\000t\000i\000n\000g\000\040\000S\000t\000a\000r\000t\000e\000d\000\040\000w\000i\000t\000h\000\040\000J\000a\000b\000R\000e\000f}{chapter.8}% 78
\BOOKMARK [2][-]{subsection.8.3.1}{\376\377\000I\000n\000s\000t\000a\000l\000l\000a\000t\000i\000o\000n}{section.8.3}% 79
\BOOKMARK [2][-]{subsection.8.3.2}{\376\377\000C\000r\000e\000a\000t\000i\000n\000g\000\040\000a\000\040\000N\000e\000w\000\040\000B\000i\000b\000l\000i\000o\000g\000r\000a\000p\000h\000y}{section.8.3}% 80
\BOOKMARK [2][-]{subsection.8.3.3}{\376\377\000A\000d\000d\000i\000n\000g\000\040\000R\000e\000f\000e\000r\000e\000n\000c\000e\000s}{section.8.3}% 81
\BOOKMARK [3][-]{subsubsection.8.3.3.1}{\376\377\000W\000e\000b\000\040\000S\000e\000a\000r\000c\000h}{subsection.8.3.3}% 82
\BOOKMARK [3][-]{subsubsection.8.3.3.2}{\376\377\000M\000a\000n\000u\000a\000l\000\040\000E\000n\000t\000r\000y}{subsection.8.3.3}% 83
\BOOKMARK [2][-]{subsection.8.3.4}{\376\377\000O\000r\000g\000a\000n\000i\000z\000i\000n\000g\000\040\000R\000e\000f\000e\000r\000e\000n\000c\000e\000s}{section.8.3}% 84
\BOOKMARK [1][-]{section.8.4}{\376\377\000E\000x\000p\000l\000o\000r\000i\000n\000g\000\040\000A\000d\000v\000a\000n\000c\000e\000d\000\040\000F\000e\000a\000t\000u\000r\000e\000s\000\040\000o\000f\000\040\000J\000a\000b\000R\000e\000f}{chapter.8}% 85
\BOOKMARK [2][-]{subsection.8.4.1}{\376\377\000Q\000u\000a\000l\000i\000t\000y\000\040\000A\000s\000s\000u\000r\000a\000n\000c\000e\000:\000\040\000C\000h\000e\000c\000k\000i\000n\000g\000\040\000a\000n\000d\000\040\000C\000o\000r\000r\000e\000c\000t\000i\000n\000g\000\040\000E\000n\000t\000r\000i\000e\000s}{section.8.4}% 86
\BOOKMARK [2][-]{subsection.8.4.2}{\376\377\000M\000a\000n\000a\000g\000i\000n\000g\000\040\000P\000D\000F\000s\000\040\000a\000n\000d\000\040\000F\000i\000l\000e\000\040\000L\000i\000n\000k\000s}{section.8.4}% 87
\BOOKMARK [2][-]{subsection.8.4.3}{\376\377\000A\000d\000d\000i\000t\000i\000o\000n\000a\000l\000\040\000I\000n\000f\000o\000r\000m\000a\000t\000i\000o\000n}{section.8.4}% 88
\BOOKMARK [0][-]{chapter.9}{\376\377\000S\000u\000b\000m\000i\000t\000t\000i\000n\000g\000\040\000Y\000o\000u\000r\000\040\000T\000h\000e\000s\000i\000s}{}% 89
\BOOKMARK [0][-]{chapter*.53}{\376\377\000B\000i\000b\000l\000i\000o\000g\000r\000a\000p\000h\000y}{}% 90
\BOOKMARK [0][-]{appendix*.54}{\376\377\000A\000p\000p\000e\000n\000d\000i\000x\000\040\000A\000:\000\040\000A\000d\000d\000i\000t\000i\000o\000n\000a\000l\000\040\000E\000x\000a\000m\000p\000l\000e\000\040\000F\000i\000g\000u\000r\000e\000s}{}% 91
\BOOKMARK [0][-]{appendix*.63}{\376\377\000A\000p\000p\000e\000n\000d\000i\000x\000\040\000B\000:\000\040\000A\000d\000d\000i\000t\000i\000o\000n\000a\000l\000\040\000E\000x\000a\000m\000p\000l\000e\000\040\000T\000a\000b\000l\000e\000s}{}% 92
\BOOKMARK [1][-]{section.B.1}{\376\377\000S\000e\000c\000t\000i\000o\000n\000\040\0001}{appendix*.63}% 93
\BOOKMARK [1][-]{section.B.2}{\376\377\000S\000e\000c\000t\000i\000o\000n\000\040\0002}{appendix*.63}% 94
\BOOKMARK [0][-]{appendix*.64}{\376\377\000A\000p\000p\000e\000n\000d\000i\000x\000\040\000C\000:\000\040\000I\000n\000c\000l\000u\000d\000i\000n\000g\000\040\000C\000o\000d\000e\000\040\000L\000i\000s\000t\000i\000n\000g\000s}{}% 95
\BOOKMARK [1][-]{section.C.1}{\376\377\000S\000e\000c\000t\000i\000o\000n\000\040\0001}{appendix*.64}% 96
\BOOKMARK [1][-]{section.C.2}{\376\377\000S\000e\000c\000t\000i\000o\000n\000\040\0002}{appendix*.64}% 97
\BOOKMARK [0][-]{appendix*.65}{\376\377\000A\000p\000p\000e\000n\000d\000i\000x\000\040\000D\000:\000\040\000I\000n\000c\000l\000u\000d\000i\000n\000g\000\040\000P\000D\000F\000s}{}% 98
\BOOKMARK [1][-]{section.D.1}{\376\377\000H\000o\000w\000\040\000t\000o\000\040\000I\000n\000s\000e\000r\000t\000\040\000a\000\040\000P\000o\000r\000t\000r\000a\000i\000t\000\040\000P\000D\000F}{appendix*.65}% 99
\BOOKMARK [1][-]{section.D.2}{\376\377\000H\000o\000w\000\040\000t\000o\000\040\000I\000n\000s\000e\000r\000t\000\040\000a\000\040\000L\000a\000n\000d\000s\000c\000a\000p\000e\000\040\000P\000D\000F}{appendix*.65}% 100
